[1.756s] DEBUG:colcon:Command line arguments: ['/home/jeremy/.local/bin/colcon', 'build', '--packages-select', 'py_publisher', 'py_subscriber']
[1.756s] DEBUG:colcon:Parsed command line arguments: Namespace(log_base=None, log_level=None, verb_name='build', build_base='build', install_base='install', merge_install=False, symlink_install=False, test_result_base=None, continue_on_error=False, executor='parallel', parallel_workers=4, event_handlers=None, ignore_user_meta=False, metas=['./colcon.meta'], base_paths=['.'], packages_ignore=None, packages_ignore_regex=None, paths=None, packages_up_to=None, packages_up_to_regex=None, packages_above=None, packages_above_and_dependencies=None, packages_above_depth=None, packages_select_by_dep=None, packages_skip_by_dep=None, packages_skip_up_to=None, packages_select_build_failed=False, packages_skip_build_finished=False, packages_select_test_failures=False, packages_skip_test_passed=False, packages_select=['py_publisher', 'py_subscriber'], packages_skip=None, packages_select_regex=None, packages_skip_regex=None, packages_start=None, packages_end=None, allow_overriding=[], cmake_args=None, cmake_target=None, cmake_target_skip_unavailable=False, cmake_clean_cache=False, cmake_clean_first=False, cmake_force_configure=False, ament_cmake_args=None, catkin_cmake_args=None, catkin_skip_building_tests=False, verb_parser=<colcon_defaults.argument_parser.defaults.DefaultArgumentsDecorator object at 0x77c0cd851b10>, verb_extension=<colcon_core.verb.build.BuildVerb object at 0x77c0cdfbbeb0>, main=<bound method BuildVerb.main of <colcon_core.verb.build.BuildVerb object at 0x77c0cdfbbeb0>>)
[2.106s] Level 1:colcon.colcon_core.package_discovery:discover_packages(colcon_meta) check parameters
[2.106s] Level 1:colcon.colcon_core.package_discovery:discover_packages(recursive) check parameters
[2.107s] Level 1:colcon.colcon_core.package_discovery:discover_packages(ignore) check parameters
[2.107s] Level 1:colcon.colcon_core.package_discovery:discover_packages(path) check parameters
[2.107s] Level 1:colcon.colcon_core.package_discovery:discover_packages(colcon_meta) discover
[2.107s] Level 1:colcon.colcon_core.package_discovery:discover_packages(recursive) discover
[2.107s] INFO:colcon.colcon_core.package_discovery:Crawling recursively for packages in '/home/jeremy/Bureau/Jeremy/Cours_Ros/messages'
[2.108s] Level 1:colcon.colcon_core.package_identification:_identify(.) by extensions ['ignore', 'ignore_ament_install']
[2.108s] Level 1:colcon.colcon_core.package_identification:_identify(.) by extension 'ignore'
[2.108s] Level 1:colcon.colcon_core.package_identification:_identify(.) by extension 'ignore_ament_install'
[2.108s] Level 1:colcon.colcon_core.package_identification:_identify(.) by extensions ['colcon_pkg']
[2.109s] Level 1:colcon.colcon_core.package_identification:_identify(.) by extension 'colcon_pkg'
[2.109s] Level 1:colcon.colcon_core.package_identification:_identify(.) by extensions ['colcon_meta']
[2.109s] Level 1:colcon.colcon_core.package_identification:_identify(.) by extension 'colcon_meta'
[2.109s] Level 1:colcon.colcon_core.package_identification:_identify(.) by extensions ['ros']
[2.109s] Level 1:colcon.colcon_core.package_identification:_identify(.) by extension 'ros'
[2.169s] Level 1:colcon.colcon_core.package_identification:_identify(.) by extensions ['cmake', 'python']
[2.170s] Level 1:colcon.colcon_core.package_identification:_identify(.) by extension 'cmake'
[2.170s] Level 1:colcon.colcon_core.package_identification:_identify(.) by extension 'python'
[2.170s] Level 1:colcon.colcon_core.package_identification:_identify(.) by extensions ['python_setup_py']
[2.170s] Level 1:colcon.colcon_core.package_identification:_identify(.) by extension 'python_setup_py'
[2.170s] Level 1:colcon.colcon_core.package_identification:_identify(build) by extensions ['ignore', 'ignore_ament_install']
[2.170s] Level 1:colcon.colcon_core.package_identification:_identify(build) by extension 'ignore'
[2.170s] Level 1:colcon.colcon_core.package_identification:_identify(build) ignored
[2.171s] Level 1:colcon.colcon_core.package_identification:_identify(install) by extensions ['ignore', 'ignore_ament_install']
[2.171s] Level 1:colcon.colcon_core.package_identification:_identify(install) by extension 'ignore'
[2.171s] Level 1:colcon.colcon_core.package_identification:_identify(install) ignored
[2.171s] Level 1:colcon.colcon_core.package_identification:_identify(log) by extensions ['ignore', 'ignore_ament_install']
[2.171s] Level 1:colcon.colcon_core.package_identification:_identify(log) by extension 'ignore'
[2.171s] Level 1:colcon.colcon_core.package_identification:_identify(log) ignored
[2.172s] Level 1:colcon.colcon_core.package_identification:_identify(src) by extensions ['ignore', 'ignore_ament_install']
[2.172s] Level 1:colcon.colcon_core.package_identification:_identify(src) by extension 'ignore'
[2.172s] Level 1:colcon.colcon_core.package_identification:_identify(src) by extension 'ignore_ament_install'
[2.172s] Level 1:colcon.colcon_core.package_identification:_identify(src) by extensions ['colcon_pkg']
[2.172s] Level 1:colcon.colcon_core.package_identification:_identify(src) by extension 'colcon_pkg'
[2.172s] Level 1:colcon.colcon_core.package_identification:_identify(src) by extensions ['colcon_meta']
[2.172s] Level 1:colcon.colcon_core.package_identification:_identify(src) by extension 'colcon_meta'
[2.172s] Level 1:colcon.colcon_core.package_identification:_identify(src) by extensions ['ros']
[2.172s] Level 1:colcon.colcon_core.package_identification:_identify(src) by extension 'ros'
[2.172s] Level 1:colcon.colcon_core.package_identification:_identify(src) by extensions ['cmake', 'python']
[2.172s] Level 1:colcon.colcon_core.package_identification:_identify(src) by extension 'cmake'
[2.173s] Level 1:colcon.colcon_core.package_identification:_identify(src) by extension 'python'
[2.173s] Level 1:colcon.colcon_core.package_identification:_identify(src) by extensions ['python_setup_py']
[2.173s] Level 1:colcon.colcon_core.package_identification:_identify(src) by extension 'python_setup_py'
[2.173s] Level 1:colcon.colcon_core.package_identification:_identify(src/py_publisher) by extensions ['ignore', 'ignore_ament_install']
[2.173s] Level 1:colcon.colcon_core.package_identification:_identify(src/py_publisher) by extension 'ignore'
[2.173s] Level 1:colcon.colcon_core.package_identification:_identify(src/py_publisher) by extension 'ignore_ament_install'
[2.173s] Level 1:colcon.colcon_core.package_identification:_identify(src/py_publisher) by extensions ['colcon_pkg']
[2.173s] Level 1:colcon.colcon_core.package_identification:_identify(src/py_publisher) by extension 'colcon_pkg'
[2.173s] Level 1:colcon.colcon_core.package_identification:_identify(src/py_publisher) by extensions ['colcon_meta']
[2.174s] Level 1:colcon.colcon_core.package_identification:_identify(src/py_publisher) by extension 'colcon_meta'
[2.174s] Level 1:colcon.colcon_core.package_identification:_identify(src/py_publisher) by extensions ['ros']
[2.174s] Level 1:colcon.colcon_core.package_identification:_identify(src/py_publisher) by extension 'ros'
[2.178s] DEBUG:colcon.colcon_core.package_identification:Package 'src/py_publisher' with type 'ros.ament_python' and name 'py_publisher'
[2.178s] Level 1:colcon.colcon_core.package_identification:_identify(src/py_subscriber) by extensions ['ignore', 'ignore_ament_install']
[2.178s] Level 1:colcon.colcon_core.package_identification:_identify(src/py_subscriber) by extension 'ignore'
[2.178s] Level 1:colcon.colcon_core.package_identification:_identify(src/py_subscriber) by extension 'ignore_ament_install'
[2.178s] Level 1:colcon.colcon_core.package_identification:_identify(src/py_subscriber) by extensions ['colcon_pkg']
[2.178s] Level 1:colcon.colcon_core.package_identification:_identify(src/py_subscriber) by extension 'colcon_pkg'
[2.179s] Level 1:colcon.colcon_core.package_identification:_identify(src/py_subscriber) by extensions ['colcon_meta']
[2.179s] Level 1:colcon.colcon_core.package_identification:_identify(src/py_subscriber) by extension 'colcon_meta'
[2.179s] Level 1:colcon.colcon_core.package_identification:_identify(src/py_subscriber) by extensions ['ros']
[2.179s] Level 1:colcon.colcon_core.package_identification:_identify(src/py_subscriber) by extension 'ros'
[2.180s] DEBUG:colcon.colcon_core.package_identification:Package 'src/py_subscriber' with type 'ros.ament_python' and name 'py_subscriber'
[2.180s] Level 1:colcon.colcon_core.package_discovery:discover_packages(recursive) using defaults
[2.180s] Level 1:colcon.colcon_core.package_discovery:discover_packages(ignore) discover
[2.180s] Level 1:colcon.colcon_core.package_discovery:discover_packages(ignore) using defaults
[2.180s] Level 1:colcon.colcon_core.package_discovery:discover_packages(path) discover
[2.180s] Level 1:colcon.colcon_core.package_discovery:discover_packages(path) using defaults
[2.388s] Level 1:colcon.colcon_core.package_discovery:discover_packages(prefix_path) check parameters
[2.389s] Level 1:colcon.colcon_core.package_discovery:discover_packages(prefix_path) discover
[2.524s] DEBUG:colcon.colcon_installed_package_information.package_discovery:Found 3 installed packages in /home/jeremy/Trajectory_PS4/ros_controller/install
[2.531s] DEBUG:colcon.colcon_installed_package_information.package_discovery:Found 1 installed packages in /home/jeremy/serviceros/install
[2.537s] DEBUG:colcon.colcon_installed_package_information.package_discovery:Found 1 installed packages in /home/jeremy/Bureau/Jeremy/2-PPE/python/install
[2.544s] DEBUG:colcon.colcon_installed_package_information.package_discovery:Found 10 installed packages in /home/jeremy/ros2_ws/install
[2.551s] DEBUG:colcon.colcon_installed_package_information.package_discovery:Found 283 installed packages in /opt/ros/humble
[2.555s] Level 1:colcon.colcon_core.package_discovery:discover_packages(prefix_path) using defaults
[2.918s] Level 5:colcon.colcon_core.verb:set package 'py_publisher' build argument 'cmake_args' from command line to 'None'
[2.918s] Level 5:colcon.colcon_core.verb:set package 'py_publisher' build argument 'cmake_target' from command line to 'None'
[2.918s] Level 5:colcon.colcon_core.verb:set package 'py_publisher' build argument 'cmake_target_skip_unavailable' from command line to 'False'
[2.918s] Level 5:colcon.colcon_core.verb:set package 'py_publisher' build argument 'cmake_clean_cache' from command line to 'False'
[2.918s] Level 5:colcon.colcon_core.verb:set package 'py_publisher' build argument 'cmake_clean_first' from command line to 'False'
[2.919s] Level 5:colcon.colcon_core.verb:set package 'py_publisher' build argument 'cmake_force_configure' from command line to 'False'
[2.919s] Level 5:colcon.colcon_core.verb:set package 'py_publisher' build argument 'ament_cmake_args' from command line to 'None'
[2.919s] Level 5:colcon.colcon_core.verb:set package 'py_publisher' build argument 'catkin_cmake_args' from command line to 'None'
[2.919s] Level 5:colcon.colcon_core.verb:set package 'py_publisher' build argument 'catkin_skip_building_tests' from command line to 'False'
[2.919s] DEBUG:colcon.colcon_core.verb:Building package 'py_publisher' with the following arguments: {'ament_cmake_args': None, 'build_base': '/home/jeremy/Bureau/Jeremy/Cours_Ros/messages/build/py_publisher', 'catkin_cmake_args': None, 'catkin_skip_building_tests': False, 'cmake_args': None, 'cmake_clean_cache': False, 'cmake_clean_first': False, 'cmake_force_configure': False, 'cmake_target': None, 'cmake_target_skip_unavailable': False, 'install_base': '/home/jeremy/Bureau/Jeremy/Cours_Ros/messages/install/py_publisher', 'merge_install': False, 'path': '/home/jeremy/Bureau/Jeremy/Cours_Ros/messages/src/py_publisher', 'symlink_install': False, 'test_result_base': None}
[2.934s] Level 5:colcon.colcon_core.verb:set package 'py_subscriber' build argument 'cmake_args' from command line to 'None'
[2.934s] Level 5:colcon.colcon_core.verb:set package 'py_subscriber' build argument 'cmake_target' from command line to 'None'
[2.934s] Level 5:colcon.colcon_core.verb:set package 'py_subscriber' build argument 'cmake_target_skip_unavailable' from command line to 'False'
[2.934s] Level 5:colcon.colcon_core.verb:set package 'py_subscriber' build argument 'cmake_clean_cache' from command line to 'False'
[2.934s] Level 5:colcon.colcon_core.verb:set package 'py_subscriber' build argument 'cmake_clean_first' from command line to 'False'
[2.934s] Level 5:colcon.colcon_core.verb:set package 'py_subscriber' build argument 'cmake_force_configure' from command line to 'False'
[2.934s] Level 5:colcon.colcon_core.verb:set package 'py_subscriber' build argument 'ament_cmake_args' from command line to 'None'
[2.935s] Level 5:colcon.colcon_core.verb:set package 'py_subscriber' build argument 'catkin_cmake_args' from command line to 'None'
[2.935s] Level 5:colcon.colcon_core.verb:set package 'py_subscriber' build argument 'catkin_skip_building_tests' from command line to 'False'
[2.935s] DEBUG:colcon.colcon_core.verb:Building package 'py_subscriber' with the following arguments: {'ament_cmake_args': None, 'build_base': '/home/jeremy/Bureau/Jeremy/Cours_Ros/messages/build/py_subscriber', 'catkin_cmake_args': None, 'catkin_skip_building_tests': False, 'cmake_args': None, 'cmake_clean_cache': False, 'cmake_clean_first': False, 'cmake_force_configure': False, 'cmake_target': None, 'cmake_target_skip_unavailable': False, 'install_base': '/home/jeremy/Bureau/Jeremy/Cours_Ros/messages/install/py_subscriber', 'merge_install': False, 'path': '/home/jeremy/Bureau/Jeremy/Cours_Ros/messages/src/py_subscriber', 'symlink_install': False, 'test_result_base': None}
[2.938s] INFO:colcon.colcon_core.executor:Executing jobs using 'parallel' executor
[2.959s] DEBUG:colcon.colcon_parallel_executor.executor.parallel:run_until_complete
[2.960s] INFO:colcon.colcon_ros.task.ament_python.build:Building ROS package in '/home/jeremy/Bureau/Jeremy/Cours_Ros/messages/src/py_publisher' with build type 'ament_python'
[2.960s] Level 1:colcon.colcon_core.shell:create_environment_hook('py_publisher', 'ament_prefix_path')
[3.021s] INFO:colcon.colcon_core.plugin_system:Skipping extension 'colcon_core.shell.bat': Not used on non-Windows systems
[3.022s] INFO:colcon.colcon_core.shell:Creating environment hook '/home/jeremy/Bureau/Jeremy/Cours_Ros/messages/install/py_publisher/share/py_publisher/hook/ament_prefix_path.ps1'
[3.024s] INFO:colcon.colcon_core.shell:Creating environment descriptor '/home/jeremy/Bureau/Jeremy/Cours_Ros/messages/install/py_publisher/share/py_publisher/hook/ament_prefix_path.dsv'
[3.040s] INFO:colcon.colcon_core.shell:Creating environment hook '/home/jeremy/Bureau/Jeremy/Cours_Ros/messages/install/py_publisher/share/py_publisher/hook/ament_prefix_path.sh'
[3.055s] INFO:colcon.colcon_core.shell:Skip shell extension 'powershell' for command environment: Not usable outside of PowerShell
[3.055s] DEBUG:colcon.colcon_core.shell:Skip shell extension 'dsv' for command environment
[3.125s] INFO:colcon.colcon_ros.task.ament_python.build:Building ROS package in '/home/jeremy/Bureau/Jeremy/Cours_Ros/messages/src/py_subscriber' with build type 'ament_python'
[3.125s] Level 1:colcon.colcon_core.shell:create_environment_hook('py_subscriber', 'ament_prefix_path')
[3.135s] INFO:colcon.colcon_core.shell:Creating environment hook '/home/jeremy/Bureau/Jeremy/Cours_Ros/messages/install/py_subscriber/share/py_subscriber/hook/ament_prefix_path.ps1'
[3.136s] INFO:colcon.colcon_core.shell:Creating environment descriptor '/home/jeremy/Bureau/Jeremy/Cours_Ros/messages/install/py_subscriber/share/py_subscriber/hook/ament_prefix_path.dsv'
[3.137s] INFO:colcon.colcon_core.shell:Creating environment hook '/home/jeremy/Bureau/Jeremy/Cours_Ros/messages/install/py_subscriber/share/py_subscriber/hook/ament_prefix_path.sh'
[3.147s] INFO:colcon.colcon_core.shell:Skip shell extension 'powershell' for command environment: Not usable outside of PowerShell
[3.147s] DEBUG:colcon.colcon_core.shell:Skip shell extension 'dsv' for command environment
[3.808s] INFO:colcon.colcon_core.task.python.build:Building Python package in '/home/jeremy/Bureau/Jeremy/Cours_Ros/messages/src/py_publisher'
[3.819s] INFO:colcon.colcon_core.shell:Skip shell extension 'powershell' for command environment: Not usable outside of PowerShell
[3.819s] DEBUG:colcon.colcon_core.shell:Skip shell extension 'dsv' for command environment
[4.439s] INFO:colcon.colcon_core.task.python.build:Building Python package in '/home/jeremy/Bureau/Jeremy/Cours_Ros/messages/src/py_subscriber'
[4.449s] INFO:colcon.colcon_core.shell:Skip shell extension 'powershell' for command environment: Not usable outside of PowerShell
[4.449s] DEBUG:colcon.colcon_core.shell:Skip shell extension 'dsv' for command environment
[5.541s] DEBUG:colcon.colcon_core.event_handler.log_command:Invoking command in '/home/jeremy/Bureau/Jeremy/Cours_Ros/messages/src/py_subscriber': CONDA_PROMPT_MODIFIER=(base) PYTHONPATH=/home/jeremy/Bureau/Jeremy/Cours_Ros/messages/build/py_subscriber/prefix_override:/home/jeremy/Bureau/Jeremy/Cours_Ros/messages/install/py_subscriber/lib/python3.10/site-packages:${PYTHONPATH} /usr/bin/python3 setup.py egg_info --egg-base ../../build/py_subscriber build --build-base /home/jeremy/Bureau/Jeremy/Cours_Ros/messages/build/py_subscriber/build install --record /home/jeremy/Bureau/Jeremy/Cours_Ros/messages/build/py_subscriber/install.log --single-version-externally-managed
[5.551s] DEBUG:colcon.colcon_core.event_handler.log_command:Invoking command in '/home/jeremy/Bureau/Jeremy/Cours_Ros/messages/src/py_publisher': CONDA_PROMPT_MODIFIER=(base) PYTHONPATH=/home/jeremy/Bureau/Jeremy/Cours_Ros/messages/build/py_publisher/prefix_override:/home/jeremy/Bureau/Jeremy/Cours_Ros/messages/install/py_publisher/lib/python3.10/site-packages:${PYTHONPATH} /usr/bin/python3 setup.py egg_info --egg-base ../../build/py_publisher build --build-base /home/jeremy/Bureau/Jeremy/Cours_Ros/messages/build/py_publisher/build install --record /home/jeremy/Bureau/Jeremy/Cours_Ros/messages/build/py_publisher/install.log --single-version-externally-managed
[6.236s] DEBUG:colcon.colcon_core.event_handler.log_command:Invoked command in '/home/jeremy/Bureau/Jeremy/Cours_Ros/messages/src/py_subscriber' returned '0': CONDA_PROMPT_MODIFIER=(base) PYTHONPATH=/home/jeremy/Bureau/Jeremy/Cours_Ros/messages/build/py_subscriber/prefix_override:/home/jeremy/Bureau/Jeremy/Cours_Ros/messages/install/py_subscriber/lib/python3.10/site-packages:${PYTHONPATH} /usr/bin/python3 setup.py egg_info --egg-base ../../build/py_subscriber build --build-base /home/jeremy/Bureau/Jeremy/Cours_Ros/messages/build/py_subscriber/build install --record /home/jeremy/Bureau/Jeremy/Cours_Ros/messages/build/py_subscriber/install.log --single-version-externally-managed
[6.301s] Level 1:colcon.colcon_core.environment:checking '/home/jeremy/Bureau/Jeremy/Cours_Ros/messages/install/py_subscriber' for CMake module files
[6.303s] Level 1:colcon.colcon_core.environment:checking '/home/jeremy/Bureau/Jeremy/Cours_Ros/messages/install/py_subscriber' for CMake config files
[6.305s] Level 1:colcon.colcon_core.environment:checking '/home/jeremy/Bureau/Jeremy/Cours_Ros/messages/install/py_subscriber/lib'
[6.306s] Level 1:colcon.colcon_core.environment:checking '/home/jeremy/Bureau/Jeremy/Cours_Ros/messages/install/py_subscriber/bin'
[6.306s] Level 1:colcon.colcon_core.environment:checking '/home/jeremy/Bureau/Jeremy/Cours_Ros/messages/install/py_subscriber/lib/pkgconfig/py_subscriber.pc'
[6.307s] Level 1:colcon.colcon_core.environment:checking '/home/jeremy/Bureau/Jeremy/Cours_Ros/messages/install/py_subscriber/lib/python3.10/site-packages'
[6.307s] Level 1:colcon.colcon_core.shell:create_environment_hook('py_subscriber', 'pythonpath')
[6.326s] INFO:colcon.colcon_core.shell:Creating environment hook '/home/jeremy/Bureau/Jeremy/Cours_Ros/messages/install/py_subscriber/share/py_subscriber/hook/pythonpath.ps1'
[6.327s] INFO:colcon.colcon_core.shell:Creating environment descriptor '/home/jeremy/Bureau/Jeremy/Cours_Ros/messages/install/py_subscriber/share/py_subscriber/hook/pythonpath.dsv'
[6.328s] INFO:colcon.colcon_core.shell:Creating environment hook '/home/jeremy/Bureau/Jeremy/Cours_Ros/messages/install/py_subscriber/share/py_subscriber/hook/pythonpath.sh'
[6.330s] Level 1:colcon.colcon_core.environment:checking '/home/jeremy/Bureau/Jeremy/Cours_Ros/messages/install/py_subscriber/bin'
[6.330s] Level 1:colcon.colcon_core.environment:create_environment_scripts_only(py_subscriber)
[6.343s] INFO:colcon.colcon_core.shell:Creating package script '/home/jeremy/Bureau/Jeremy/Cours_Ros/messages/install/py_subscriber/share/py_subscriber/package.ps1'
[6.346s] INFO:colcon.colcon_core.shell:Creating package descriptor '/home/jeremy/Bureau/Jeremy/Cours_Ros/messages/install/py_subscriber/share/py_subscriber/package.dsv'
[6.362s] INFO:colcon.colcon_core.shell:Creating package script '/home/jeremy/Bureau/Jeremy/Cours_Ros/messages/install/py_subscriber/share/py_subscriber/package.sh'
[6.364s] INFO:colcon.colcon_core.shell:Creating package script '/home/jeremy/Bureau/Jeremy/Cours_Ros/messages/install/py_subscriber/share/py_subscriber/package.bash'
[6.366s] INFO:colcon.colcon_core.shell:Creating package script '/home/jeremy/Bureau/Jeremy/Cours_Ros/messages/install/py_subscriber/share/py_subscriber/package.zsh'
[6.371s] Level 1:colcon.colcon_core.environment:create_file_with_runtime_dependencies(/home/jeremy/Bureau/Jeremy/Cours_Ros/messages/install/py_subscriber/share/colcon-core/packages/py_subscriber)
[6.394s] Level 1:colcon.colcon_core.environment:checking '/home/jeremy/Bureau/Jeremy/Cours_Ros/messages/install/py_publisher' for CMake module files
[6.395s] DEBUG:colcon.colcon_core.event_handler.log_command:Invoked command in '/home/jeremy/Bureau/Jeremy/Cours_Ros/messages/src/py_publisher' returned '0': CONDA_PROMPT_MODIFIER=(base) PYTHONPATH=/home/jeremy/Bureau/Jeremy/Cours_Ros/messages/build/py_publisher/prefix_override:/home/jeremy/Bureau/Jeremy/Cours_Ros/messages/install/py_publisher/lib/python3.10/site-packages:${PYTHONPATH} /usr/bin/python3 setup.py egg_info --egg-base ../../build/py_publisher build --build-base /home/jeremy/Bureau/Jeremy/Cours_Ros/messages/build/py_publisher/build install --record /home/jeremy/Bureau/Jeremy/Cours_Ros/messages/build/py_publisher/install.log --single-version-externally-managed
[6.396s] Level 1:colcon.colcon_core.environment:checking '/home/jeremy/Bureau/Jeremy/Cours_Ros/messages/install/py_publisher' for CMake config files
[6.397s] Level 1:colcon.colcon_core.environment:checking '/home/jeremy/Bureau/Jeremy/Cours_Ros/messages/install/py_publisher/lib'
[6.398s] Level 1:colcon.colcon_core.environment:checking '/home/jeremy/Bureau/Jeremy/Cours_Ros/messages/install/py_publisher/bin'
[6.398s] Level 1:colcon.colcon_core.environment:checking '/home/jeremy/Bureau/Jeremy/Cours_Ros/messages/install/py_publisher/lib/pkgconfig/py_publisher.pc'
[6.398s] Level 1:colcon.colcon_core.environment:checking '/home/jeremy/Bureau/Jeremy/Cours_Ros/messages/install/py_publisher/lib/python3.10/site-packages'
[6.399s] Level 1:colcon.colcon_core.shell:create_environment_hook('py_publisher', 'pythonpath')
[6.413s] INFO:colcon.colcon_core.shell:Creating environment hook '/home/jeremy/Bureau/Jeremy/Cours_Ros/messages/install/py_publisher/share/py_publisher/hook/pythonpath.ps1'
[6.414s] INFO:colcon.colcon_core.shell:Creating environment descriptor '/home/jeremy/Bureau/Jeremy/Cours_Ros/messages/install/py_publisher/share/py_publisher/hook/pythonpath.dsv'
[6.414s] INFO:colcon.colcon_core.shell:Creating environment hook '/home/jeremy/Bureau/Jeremy/Cours_Ros/messages/install/py_publisher/share/py_publisher/hook/pythonpath.sh'
[6.416s] Level 1:colcon.colcon_core.environment:checking '/home/jeremy/Bureau/Jeremy/Cours_Ros/messages/install/py_publisher/bin'
[6.416s] Level 1:colcon.colcon_core.environment:create_environment_scripts_only(py_publisher)
[6.427s] INFO:colcon.colcon_core.shell:Creating package script '/home/jeremy/Bureau/Jeremy/Cours_Ros/messages/install/py_publisher/share/py_publisher/package.ps1'
[6.428s] INFO:colcon.colcon_core.shell:Creating package descriptor '/home/jeremy/Bureau/Jeremy/Cours_Ros/messages/install/py_publisher/share/py_publisher/package.dsv'
[6.429s] INFO:colcon.colcon_core.shell:Creating package script '/home/jeremy/Bureau/Jeremy/Cours_Ros/messages/install/py_publisher/share/py_publisher/package.sh'
[6.430s] INFO:colcon.colcon_core.shell:Creating package script '/home/jeremy/Bureau/Jeremy/Cours_Ros/messages/install/py_publisher/share/py_publisher/package.bash'
[6.430s] INFO:colcon.colcon_core.shell:Creating package script '/home/jeremy/Bureau/Jeremy/Cours_Ros/messages/install/py_publisher/share/py_publisher/package.zsh'
[6.431s] Level 1:colcon.colcon_core.environment:create_file_with_runtime_dependencies(/home/jeremy/Bureau/Jeremy/Cours_Ros/messages/install/py_publisher/share/colcon-core/packages/py_publisher)
[6.431s] DEBUG:colcon.colcon_parallel_executor.executor.parallel:closing loop
[6.432s] DEBUG:colcon.colcon_parallel_executor.executor.parallel:loop closed
[6.433s] DEBUG:colcon.colcon_parallel_executor.executor.parallel:run_until_complete finished with '0'
[6.433s] DEBUG:colcon.colcon_core.event_reactor:joining thread
[6.492s] INFO:colcon.colcon_core.plugin_system:Skipping extension 'colcon_notification.desktop_notification.terminal_notifier': Not used on non-Darwin systems
[6.492s] INFO:colcon.colcon_core.plugin_system:Skipping extension 'colcon_notification.desktop_notification.win32': Not used on non-Windows systems
[6.492s] INFO:colcon.colcon_notification.desktop_notification:Sending desktop notification using 'notify2'
[7.009s] DEBUG:colcon.colcon_core.event_reactor:joined thread
[7.022s] INFO:colcon.colcon_core.shell:Creating prefix script '/home/jeremy/Bureau/Jeremy/Cours_Ros/messages/install/local_setup.ps1'
[7.043s] INFO:colcon.colcon_core.shell:Creating prefix util module '/home/jeremy/Bureau/Jeremy/Cours_Ros/messages/install/_local_setup_util_ps1.py'
[7.100s] INFO:colcon.colcon_core.shell:Creating prefix chain script '/home/jeremy/Bureau/Jeremy/Cours_Ros/messages/install/setup.ps1'
[7.129s] INFO:colcon.colcon_core.shell:Creating prefix script '/home/jeremy/Bureau/Jeremy/Cours_Ros/messages/install/local_setup.sh'
[7.138s] INFO:colcon.colcon_core.shell:Creating prefix util module '/home/jeremy/Bureau/Jeremy/Cours_Ros/messages/install/_local_setup_util_sh.py'
[7.140s] INFO:colcon.colcon_core.shell:Creating prefix chain script '/home/jeremy/Bureau/Jeremy/Cours_Ros/messages/install/setup.sh'
[7.165s] INFO:colcon.colcon_core.shell:Creating prefix script '/home/jeremy/Bureau/Jeremy/Cours_Ros/messages/install/local_setup.bash'
[7.196s] INFO:colcon.colcon_core.shell:Creating prefix chain script '/home/jeremy/Bureau/Jeremy/Cours_Ros/messages/install/setup.bash'
[7.222s] INFO:colcon.colcon_core.shell:Creating prefix script '/home/jeremy/Bureau/Jeremy/Cours_Ros/messages/install/local_setup.zsh'
[7.317s] INFO:colcon.colcon_core.shell:Creating prefix chain script '/home/jeremy/Bureau/Jeremy/Cours_Ros/messages/install/setup.zsh'
