[2.588s] Invoking command in '/home/jeremy/Bureau/Jeremy/Cours_Ros/messages/src/py_publisher': CONDA_PROMPT_MODIFIER=(base) PYTHONPATH=/home/jeremy/Bureau/Jeremy/Cours_Ros/messages/build/py_publisher/prefix_override:/home/jeremy/Bureau/Jeremy/Cours_Ros/messages/install/py_publisher/lib/python3.10/site-packages:${PYTHONPATH} /usr/bin/python3 setup.py egg_info --egg-base ../../build/py_publisher build --build-base /home/jeremy/Bureau/Jeremy/Cours_Ros/messages/build/py_publisher/build install --record /home/jeremy/Bureau/Jeremy/Cours_Ros/messages/build/py_publisher/install.log --single-version-externally-managed
[3.152s] running egg_info
[3.155s] creating ../../build/py_publisher/py_publisher.egg-info
[3.156s] writing ../../build/py_publisher/py_publisher.egg-info/PKG-INFO
[3.157s] writing dependency_links to ../../build/py_publisher/py_publisher.egg-info/dependency_links.txt
[3.158s] writing entry points to ../../build/py_publisher/py_publisher.egg-info/entry_points.txt
[3.158s] writing requirements to ../../build/py_publisher/py_publisher.egg-info/requires.txt
[3.158s] writing top-level names to ../../build/py_publisher/py_publisher.egg-info/top_level.txt
[3.158s] writing manifest file '../../build/py_publisher/py_publisher.egg-info/SOURCES.txt'
[3.163s] reading manifest file '../../build/py_publisher/py_publisher.egg-info/SOURCES.txt'
[3.163s] adding license file 'LICENSE'
[3.166s] writing manifest file '../../build/py_publisher/py_publisher.egg-info/SOURCES.txt'
[3.167s] running build
[3.167s] running build_py
[3.168s] creating /home/jeremy/Bureau/Jeremy/Cours_Ros/messages/build/py_publisher/build
[3.168s] creating /home/jeremy/Bureau/Jeremy/Cours_Ros/messages/build/py_publisher/build/lib
[3.168s] creating /home/jeremy/Bureau/Jeremy/Cours_Ros/messages/build/py_publisher/build/lib/py_publisher
[3.168s] copying py_publisher/publisher.py -> /home/jeremy/Bureau/Jeremy/Cours_Ros/messages/build/py_publisher/build/lib/py_publisher
[3.169s] copying py_publisher/__init__.py -> /home/jeremy/Bureau/Jeremy/Cours_Ros/messages/build/py_publisher/build/lib/py_publisher
[3.169s] running install
[3.170s] /usr/lib/python3/dist-packages/setuptools/command/install.py:34: SetuptoolsDeprecationWarning: setup.py install is deprecated. Use build and pip and other standards-based tools.
[3.170s]   warnings.warn(
[3.171s] running install_lib
[3.172s] creating /home/jeremy/Bureau/Jeremy/Cours_Ros/messages/install/py_publisher/lib/python3.10/site-packages/py_publisher
[3.173s] copying /home/jeremy/Bureau/Jeremy/Cours_Ros/messages/build/py_publisher/build/lib/py_publisher/publisher.py -> /home/jeremy/Bureau/Jeremy/Cours_Ros/messages/install/py_publisher/lib/python3.10/site-packages/py_publisher
[3.173s] copying /home/jeremy/Bureau/Jeremy/Cours_Ros/messages/build/py_publisher/build/lib/py_publisher/__init__.py -> /home/jeremy/Bureau/Jeremy/Cours_Ros/messages/install/py_publisher/lib/python3.10/site-packages/py_publisher
[3.173s] byte-compiling /home/jeremy/Bureau/Jeremy/Cours_Ros/messages/install/py_publisher/lib/python3.10/site-packages/py_publisher/publisher.py to publisher.cpython-310.pyc
[3.174s] byte-compiling /home/jeremy/Bureau/Jeremy/Cours_Ros/messages/install/py_publisher/lib/python3.10/site-packages/py_publisher/__init__.py to __init__.cpython-310.pyc
[3.174s] running install_data
[3.175s] creating /home/jeremy/Bureau/Jeremy/Cours_Ros/messages/install/py_publisher/share/ament_index
[3.175s] creating /home/jeremy/Bureau/Jeremy/Cours_Ros/messages/install/py_publisher/share/ament_index/resource_index
[3.176s] creating /home/jeremy/Bureau/Jeremy/Cours_Ros/messages/install/py_publisher/share/ament_index/resource_index/packages
[3.176s] copying resource/py_publisher -> /home/jeremy/Bureau/Jeremy/Cours_Ros/messages/install/py_publisher/share/ament_index/resource_index/packages
[3.176s] copying package.xml -> /home/jeremy/Bureau/Jeremy/Cours_Ros/messages/install/py_publisher/share/py_publisher
[3.176s] running install_egg_info
[3.180s] Copying ../../build/py_publisher/py_publisher.egg-info to /home/jeremy/Bureau/Jeremy/Cours_Ros/messages/install/py_publisher/lib/python3.10/site-packages/py_publisher-0.0.0-py3.10.egg-info
[3.182s] running install_scripts
[3.221s] Installing talker script to /home/jeremy/Bureau/Jeremy/Cours_Ros/messages/install/py_publisher/lib/py_publisher
[3.222s] writing list of installed files to '/home/jeremy/Bureau/Jeremy/Cours_Ros/messages/build/py_publisher/install.log'
[3.431s] Invoked command in '/home/jeremy/Bureau/Jeremy/Cours_Ros/messages/src/py_publisher' returned '0': CONDA_PROMPT_MODIFIER=(base) PYTHONPATH=/home/jeremy/Bureau/Jeremy/Cours_Ros/messages/build/py_publisher/prefix_override:/home/jeremy/Bureau/Jeremy/Cours_Ros/messages/install/py_publisher/lib/python3.10/site-packages:${PYTHONPATH} /usr/bin/python3 setup.py egg_info --egg-base ../../build/py_publisher build --build-base /home/jeremy/Bureau/Jeremy/Cours_Ros/messages/build/py_publisher/build install --record /home/jeremy/Bureau/Jeremy/Cours_Ros/messages/build/py_publisher/install.log --single-version-externally-managed
